<?xml version="1.0" encoding="UTF-8"?>
<!-- Generated by org.testng.reporters.JUnitReportReporter -->
<testsuite hostname="DESKTOP-LP7AJ40" failures="0" tests="1" name="testCase.HomePageTc" time="12.210" errors="0" timestamp="2023-05-15T08:47:27 IST" skipped="0">
  <testcase classname="testCase.HomePageTc" name="tc_001" time="12.210"/>
  <system-out/>
</testsuite> <!-- testCase.HomePageTc -->
